TN:
SF:lib/screens/example_home_view.dart
FNF:0
FNH:0
DA:7,2
DA:9,1
DA:11,1
DA:12,1
DA:13,3
LF:5
LH:5
end_of_record
TN:
SF:lib/screens/example_login_view.dart
FNF:0
FNH:0
DA:6,1
DA:8,1
DA:9,1
DA:19,1
DA:21,1
DA:22,1
DA:23,1
DA:26,1
DA:28,1
DA:29,1
DA:30,1
DA:32,1
DA:33,1
DA:34,1
DA:35,4
DA:41,1
DA:42,1
DA:44,1
DA:45,1
DA:46,1
DA:47,1
DA:48,1
DA:52,1
DA:53,2
DA:55,1
DA:58,1
DA:62,1
DA:63,2
DA:65,1
DA:69,1
DA:70,1
DA:71,1
DA:72,3
DA:73,3
DA:74,3
DA:75,1
DA:76,2
DA:79,1
LF:38
LH:38
end_of_record
TN:
SF:lib/utils/field_validator_mixin.dart
FNF:0
FNH:0
DA:3,1
DA:4,1
DA:6,1
DA:8,1
DA:16,1
DA:17,1
DA:18,2
LF:7
LH:7
end_of_record
